2021-07-17 09:57:17.8880||DEBUG|PL.Program|Init Main 
2021-07-17 09:58:23.3102||DEBUG|PL.Program|Init Main 
2021-07-17 10:00:11.0268||DEBUG|PL.Program|Init Main 
2021-07-17 10:00:12.7200||INFO|Microsoft.Hosting.Lifetime|Application started. Press Ctrl+C to shut down. 
2021-07-17 10:00:12.7200||INFO|Microsoft.Hosting.Lifetime|Hosting environment: Development 
2021-07-17 10:00:12.7357||INFO|Microsoft.Hosting.Lifetime|Content root path: E:\NIx Projects\AspNetMvcEducationPortal\PL 
2021-07-17 10:00:37.3807||DEBUG|PL.Program|Init Main 
2021-07-17 10:00:38.6685||INFO|Microsoft.Hosting.Lifetime|Application started. Press Ctrl+C to shut down. 
2021-07-17 10:00:38.6729||INFO|Microsoft.Hosting.Lifetime|Hosting environment: Development 
2021-07-17 10:00:38.6858||INFO|Microsoft.Hosting.Lifetime|Content root path: E:\NIx Projects\AspNetMvcEducationPortal\PL 
2021-07-17 10:06:52.7459||DEBUG|PL.Program|Init Main 
2021-07-17 10:06:54.1852||INFO|Microsoft.Hosting.Lifetime|Application started. Press Ctrl+C to shut down. 
2021-07-17 10:06:54.1894||INFO|Microsoft.Hosting.Lifetime|Hosting environment: Development 
2021-07-17 10:06:54.1894||INFO|Microsoft.Hosting.Lifetime|Content root path: E:\NIx Projects\AspNetMvcEducationPortal\PL 
2021-07-17 10:08:38.1584||DEBUG|PL.Program|Init Main 
2021-07-17 10:08:39.6092||INFO|Microsoft.Hosting.Lifetime|Application started. Press Ctrl+C to shut down. 
2021-07-17 10:08:39.6092||INFO|Microsoft.Hosting.Lifetime|Hosting environment: Development 
2021-07-17 10:08:39.6279||INFO|Microsoft.Hosting.Lifetime|Content root path: E:\NIx Projects\AspNetMvcEducationPortal\PL 
2021-07-17 10:09:40.8091||DEBUG|PL.Program|Init Main 
2021-07-17 10:09:42.2471||INFO|Microsoft.Hosting.Lifetime|Application started. Press Ctrl+C to shut down. 
2021-07-17 10:09:42.2521||INFO|Microsoft.Hosting.Lifetime|Hosting environment: Development 
2021-07-17 10:09:42.2663||INFO|Microsoft.Hosting.Lifetime|Content root path: E:\NIx Projects\AspNetMvcEducationPortal\PL 
2021-07-17 10:12:49.6398||DEBUG|PL.Program|Init Main 
2021-07-17 10:12:51.0441||INFO|Microsoft.Hosting.Lifetime|Application started. Press Ctrl+C to shut down. 
2021-07-17 10:12:51.0475||INFO|Microsoft.Hosting.Lifetime|Hosting environment: Development 
2021-07-17 10:12:51.0475||INFO|Microsoft.Hosting.Lifetime|Content root path: E:\NIx Projects\AspNetMvcEducationPortal\PL 
2021-07-17 10:13:17.9453||DEBUG|PL.Program|Init Main 
2021-07-17 10:13:19.3528||INFO|Microsoft.Hosting.Lifetime|Application started. Press Ctrl+C to shut down. 
2021-07-17 10:13:19.3528||INFO|Microsoft.Hosting.Lifetime|Hosting environment: Development 
2021-07-17 10:13:19.3693||INFO|Microsoft.Hosting.Lifetime|Content root path: E:\NIx Projects\AspNetMvcEducationPortal\PL 
2021-07-17 10:14:09.3338||DEBUG|PL.Program|Init Main 
2021-07-17 10:14:09.9471||INFO|Microsoft.Hosting.Lifetime|Application started. Press Ctrl+C to shut down. 
2021-07-17 10:14:09.9471||INFO|Microsoft.Hosting.Lifetime|Hosting environment: Development 
2021-07-17 10:14:09.9601||INFO|Microsoft.Hosting.Lifetime|Content root path: E:\NIx Projects\AspNetMvcEducationPortal\PL 
2021-07-17 10:18:57.5945||DEBUG|PL.Program|Init Main 
2021-07-17 10:18:58.2377||INFO|Microsoft.Hosting.Lifetime|Application started. Press Ctrl+C to shut down. 
2021-07-17 10:18:58.2377||INFO|Microsoft.Hosting.Lifetime|Hosting environment: Development 
2021-07-17 10:18:58.2491||INFO|Microsoft.Hosting.Lifetime|Content root path: E:\NIx Projects\AspNetMvcEducationPortal\PL 
2021-07-17 10:19:00.3042||DEBUG|PL.Program|Init Main 
2021-07-17 10:19:01.8580||INFO|Microsoft.Hosting.Lifetime|Application started. Press Ctrl+C to shut down. 
2021-07-17 10:19:01.8580||INFO|Microsoft.Hosting.Lifetime|Hosting environment: Development 
2021-07-17 10:19:01.8580||INFO|Microsoft.Hosting.Lifetime|Content root path: E:\NIx Projects\AspNetMvcEducationPortal\PL 
2021-07-17 10:20:18.0751||DEBUG|PL.Program|Init Main 
2021-07-17 10:20:18.5429||INFO|Microsoft.Hosting.Lifetime|Application started. Press Ctrl+C to shut down. 
2021-07-17 10:20:18.5460||INFO|Microsoft.Hosting.Lifetime|Hosting environment: Development 
2021-07-17 10:20:18.5460||INFO|Microsoft.Hosting.Lifetime|Content root path: E:\NIx Projects\AspNetMvcEducationPortal\PL 
2021-07-17 10:21:17.6643||DEBUG|PL.Program|Init Main 
2021-07-17 10:21:19.1020||INFO|Microsoft.Hosting.Lifetime|Application started. Press Ctrl+C to shut down. 
2021-07-17 10:21:19.1020||INFO|Microsoft.Hosting.Lifetime|Hosting environment: Development 
2021-07-17 10:21:19.1188||INFO|Microsoft.Hosting.Lifetime|Content root path: E:\NIx Projects\AspNetMvcEducationPortal\PL 
2021-07-17 10:22:32.1542||DEBUG|PL.Program|Init Main 
2021-07-17 10:22:33.5937||INFO|Microsoft.Hosting.Lifetime|Application started. Press Ctrl+C to shut down. 
2021-07-17 10:22:33.5937||INFO|Microsoft.Hosting.Lifetime|Hosting environment: Development 
2021-07-17 10:22:33.6099||INFO|Microsoft.Hosting.Lifetime|Content root path: E:\NIx Projects\AspNetMvcEducationPortal\PL 
2021-07-17 10:28:29.1170||DEBUG|PL.Program|Init Main 
2021-07-17 10:28:30.4331||INFO|Microsoft.Hosting.Lifetime|Application started. Press Ctrl+C to shut down. 
2021-07-17 10:28:30.4409||INFO|Microsoft.Hosting.Lifetime|Hosting environment: Development 
2021-07-17 10:28:30.4409||INFO|Microsoft.Hosting.Lifetime|Content root path: E:\NIx Projects\AspNetMvcEducationPortal\PL 
2021-07-17 10:38:49.7108||DEBUG|PL.Program|Init Main 
2021-07-17 10:38:50.2193||INFO|Microsoft.Hosting.Lifetime|Application started. Press Ctrl+C to shut down. 
2021-07-17 10:38:50.2193||INFO|Microsoft.Hosting.Lifetime|Hosting environment: Development 
2021-07-17 10:38:50.2337||INFO|Microsoft.Hosting.Lifetime|Content root path: E:\NIx Projects\AspNetMvcEducationPortal\PL 
2021-07-17 10:49:44.3894||DEBUG|PL.Program|Init Main 
2021-07-17 10:49:45.8522||INFO|Microsoft.Hosting.Lifetime|Application started. Press Ctrl+C to shut down. 
2021-07-17 10:49:45.8522||INFO|Microsoft.Hosting.Lifetime|Hosting environment: Development 
2021-07-17 10:49:45.8724||INFO|Microsoft.Hosting.Lifetime|Content root path: E:\NIx Projects\AspNetMvcEducationPortal\PL 
2021-07-17 13:02:13.3827||DEBUG|PL.Program|Init Main 
2021-07-17 13:02:16.4107||INFO|Microsoft.Hosting.Lifetime|Application started. Press Ctrl+C to shut down. 
2021-07-17 13:02:16.4107||INFO|Microsoft.Hosting.Lifetime|Hosting environment: Development 
2021-07-17 13:02:16.4282||INFO|Microsoft.Hosting.Lifetime|Content root path: E:\NIx Projects\AspNetMvcEducationPortal\PL 
2021-07-17 13:33:20.6366||DEBUG|PL.Program|Init Main 
2021-07-17 13:33:22.9181||INFO|Microsoft.Hosting.Lifetime|Application started. Press Ctrl+C to shut down. 
2021-07-17 13:33:22.9226||INFO|Microsoft.Hosting.Lifetime|Hosting environment: Development 
2021-07-17 13:33:22.9556||INFO|Microsoft.Hosting.Lifetime|Content root path: E:\NIx Projects\AspNetMvcEducationPortal\PL 
2021-07-17 13:40:32.7167||DEBUG|PL.Program|Init Main 
2021-07-17 13:40:34.4562||INFO|Microsoft.Hosting.Lifetime|Application started. Press Ctrl+C to shut down. 
2021-07-17 13:40:34.4562||INFO|Microsoft.Hosting.Lifetime|Hosting environment: Development 
2021-07-17 13:40:34.4729||INFO|Microsoft.Hosting.Lifetime|Content root path: E:\NIx Projects\AspNetMvcEducationPortal\PL 
2021-07-17 13:41:46.3138||DEBUG|PL.Program|Init Main 
2021-07-17 13:41:47.9840||INFO|Microsoft.Hosting.Lifetime|Application started. Press Ctrl+C to shut down. 
2021-07-17 13:41:47.9840||INFO|Microsoft.Hosting.Lifetime|Hosting environment: Development 
2021-07-17 13:41:47.9995||INFO|Microsoft.Hosting.Lifetime|Content root path: E:\NIx Projects\AspNetMvcEducationPortal\PL 
2021-07-17 13:43:02.2163||DEBUG|PL.Program|Init Main 
2021-07-17 13:43:03.9919||INFO|Microsoft.Hosting.Lifetime|Application started. Press Ctrl+C to shut down. 
2021-07-17 13:43:03.9919||INFO|Microsoft.Hosting.Lifetime|Hosting environment: Development 
2021-07-17 13:43:04.0065||INFO|Microsoft.Hosting.Lifetime|Content root path: E:\NIx Projects\AspNetMvcEducationPortal\PL 
2021-07-17 13:48:34.1579||DEBUG|PL.Program|Init Main 
2021-07-17 13:48:35.9332||INFO|Microsoft.Hosting.Lifetime|Application started. Press Ctrl+C to shut down. 
2021-07-17 13:48:35.9362||INFO|Microsoft.Hosting.Lifetime|Hosting environment: Development 
2021-07-17 13:48:35.9362||INFO|Microsoft.Hosting.Lifetime|Content root path: E:\NIx Projects\AspNetMvcEducationPortal\PL 
2021-07-17 13:52:58.9841||DEBUG|PL.Program|Init Main 
2021-07-17 13:53:00.6585||INFO|Microsoft.Hosting.Lifetime|Application started. Press Ctrl+C to shut down. 
2021-07-17 13:53:00.6585||INFO|Microsoft.Hosting.Lifetime|Hosting environment: Development 
2021-07-17 13:53:00.6810||INFO|Microsoft.Hosting.Lifetime|Content root path: E:\NIx Projects\AspNetMvcEducationPortal\PL 
2021-07-17 13:55:07.1497||DEBUG|PL.Program|Init Main 
2021-07-17 13:55:09.0014||INFO|Microsoft.Hosting.Lifetime|Application started. Press Ctrl+C to shut down. 
2021-07-17 13:55:09.0014||INFO|Microsoft.Hosting.Lifetime|Hosting environment: Development 
2021-07-17 13:55:09.0183||INFO|Microsoft.Hosting.Lifetime|Content root path: E:\NIx Projects\AspNetMvcEducationPortal\PL 
2021-07-17 13:56:15.1196||DEBUG|PL.Program|Init Main 
2021-07-17 13:56:16.8031||INFO|Microsoft.Hosting.Lifetime|Application started. Press Ctrl+C to shut down. 
2021-07-17 13:56:16.8031||INFO|Microsoft.Hosting.Lifetime|Hosting environment: Development 
2021-07-17 13:56:16.8173||INFO|Microsoft.Hosting.Lifetime|Content root path: E:\NIx Projects\AspNetMvcEducationPortal\PL 
2021-07-17 13:57:32.6021|1|ERROR|Microsoft.AspNetCore.Diagnostics.DeveloperExceptionPageMiddleware|An unhandled exception has occurred while executing the request. System.NullReferenceException: Object reference not set to an instance of an object.
   at AspNetCore.Views_Course_WievCourser.ExecuteAsync() in E:\NIx Projects\AspNetMvcEducationPortal\PL\Views\Course\WievCourser.cshtml:line 28
   at Microsoft.AspNetCore.Mvc.Razor.RazorView.RenderPageCoreAsync(IRazorPage page, ViewContext context)
   at Microsoft.AspNetCore.Mvc.Razor.RazorView.RenderPageAsync(IRazorPage page, ViewContext context, Boolean invokeViewStarts)
   at Microsoft.AspNetCore.Mvc.Razor.RazorView.RenderAsync(ViewContext context)
   at Microsoft.AspNetCore.Mvc.ViewFeatures.ViewExecutor.ExecuteAsync(ViewContext viewContext, String contentType, Nullable`1 statusCode)
   at Microsoft.AspNetCore.Mvc.ViewFeatures.ViewExecutor.ExecuteAsync(ViewContext viewContext, String contentType, Nullable`1 statusCode)
   at Microsoft.AspNetCore.Mvc.ViewFeatures.ViewExecutor.ExecuteAsync(ActionContext actionContext, IView view, ViewDataDictionary viewData, ITempDataDictionary tempData, String contentType, Nullable`1 statusCode)
   at Microsoft.AspNetCore.Mvc.ViewFeatures.ViewResultExecutor.ExecuteAsync(ActionContext context, ViewResult result)
   at Microsoft.AspNetCore.Mvc.ViewResult.ExecuteResultAsync(ActionContext context)
   at Microsoft.AspNetCore.Mvc.Infrastructure.ResourceInvoker.<InvokeNextResultFilterAsync>g__Awaited|29_0[TFilter,TFilterAsync](ResourceInvoker invoker, Task lastTask, State next, Scope scope, Object state, Boolean isCompleted)
   at Microsoft.AspNetCore.Mvc.Infrastructure.ResourceInvoker.Rethrow(ResultExecutedContextSealed context)
   at Microsoft.AspNetCore.Mvc.Infrastructure.ResourceInvoker.ResultNext[TFilter,TFilterAsync](State& next, Scope& scope, Object& state, Boolean& isCompleted)
   at Microsoft.AspNetCore.Mvc.Infrastructure.ResourceInvoker.InvokeResultFilters()
--- End of stack trace from previous location ---
   at Microsoft.AspNetCore.Mvc.Infrastructure.ResourceInvoker.<InvokeNextResourceFilter>g__Awaited|24_0(ResourceInvoker invoker, Task lastTask, State next, Scope scope, Object state, Boolean isCompleted)
   at Microsoft.AspNetCore.Mvc.Infrastructure.ResourceInvoker.Rethrow(ResourceExecutedContextSealed context)
   at Microsoft.AspNetCore.Mvc.Infrastructure.ResourceInvoker.Next(State& next, Scope& scope, Object& state, Boolean& isCompleted)
   at Microsoft.AspNetCore.Mvc.Infrastructure.ResourceInvoker.InvokeFilterPipelineAsync()
--- End of stack trace from previous location ---
   at Microsoft.AspNetCore.Mvc.Infrastructure.ResourceInvoker.<InvokeAsync>g__Awaited|17_0(ResourceInvoker invoker, Task task, IDisposable scope)
   at Microsoft.AspNetCore.Routing.EndpointMiddleware.<Invoke>g__AwaitRequestTask|6_0(Endpoint endpoint, Task requestTask, ILogger logger)
   at Microsoft.AspNetCore.Authorization.AuthorizationMiddleware.Invoke(HttpContext context)
   at Microsoft.AspNetCore.Authentication.AuthenticationMiddleware.Invoke(HttpContext context)
   at Microsoft.AspNetCore.Diagnostics.DeveloperExceptionPageMiddleware.Invoke(HttpContext context)
2021-07-17 13:58:43.8343||DEBUG|PL.Program|Init Main 
2021-07-17 13:58:45.5418||INFO|Microsoft.Hosting.Lifetime|Application started. Press Ctrl+C to shut down. 
2021-07-17 13:58:45.5418||INFO|Microsoft.Hosting.Lifetime|Hosting environment: Development 
2021-07-17 13:58:45.5558||INFO|Microsoft.Hosting.Lifetime|Content root path: E:\NIx Projects\AspNetMvcEducationPortal\PL 
2021-07-17 14:01:02.9649||DEBUG|PL.Program|Init Main 
2021-07-17 14:01:04.7852||INFO|Microsoft.Hosting.Lifetime|Application started. Press Ctrl+C to shut down. 
2021-07-17 14:01:04.7852||INFO|Microsoft.Hosting.Lifetime|Hosting environment: Development 
2021-07-17 14:01:04.8034||INFO|Microsoft.Hosting.Lifetime|Content root path: E:\NIx Projects\AspNetMvcEducationPortal\PL 
2021-07-17 14:06:44.4377||DEBUG|PL.Program|Init Main 
2021-07-17 14:06:46.1076||INFO|Microsoft.Hosting.Lifetime|Application started. Press Ctrl+C to shut down. 
2021-07-17 14:06:46.1109||INFO|Microsoft.Hosting.Lifetime|Hosting environment: Development 
2021-07-17 14:06:46.1109||INFO|Microsoft.Hosting.Lifetime|Content root path: E:\NIx Projects\AspNetMvcEducationPortal\PL 
2021-07-17 14:07:43.9271||DEBUG|PL.Program|Init Main 
2021-07-17 14:07:45.7848||INFO|Microsoft.Hosting.Lifetime|Application started. Press Ctrl+C to shut down. 
2021-07-17 14:07:45.7848||INFO|Microsoft.Hosting.Lifetime|Hosting environment: Development 
2021-07-17 14:07:45.8052||INFO|Microsoft.Hosting.Lifetime|Content root path: E:\NIx Projects\AspNetMvcEducationPortal\PL 
2021-07-17 14:12:13.3640||DEBUG|PL.Program|Init Main 
2021-07-17 14:12:14.9689||INFO|Microsoft.Hosting.Lifetime|Application started. Press Ctrl+C to shut down. 
2021-07-17 14:12:14.9689||INFO|Microsoft.Hosting.Lifetime|Hosting environment: Development 
2021-07-17 14:12:14.9836||INFO|Microsoft.Hosting.Lifetime|Content root path: E:\NIx Projects\AspNetMvcEducationPortal\PL 
2021-07-17 14:14:06.6505||DEBUG|PL.Program|Init Main 
2021-07-17 14:14:08.3119||INFO|Microsoft.Hosting.Lifetime|Application started. Press Ctrl+C to shut down. 
2021-07-17 14:14:08.3119||INFO|Microsoft.Hosting.Lifetime|Hosting environment: Development 
2021-07-17 14:14:08.3119||INFO|Microsoft.Hosting.Lifetime|Content root path: E:\NIx Projects\AspNetMvcEducationPortal\PL 
2021-07-17 14:16:20.9591||DEBUG|PL.Program|Init Main 
2021-07-17 14:16:22.8245||INFO|Microsoft.Hosting.Lifetime|Application started. Press Ctrl+C to shut down. 
2021-07-17 14:16:22.8319||INFO|Microsoft.Hosting.Lifetime|Hosting environment: Development 
2021-07-17 14:16:22.8319||INFO|Microsoft.Hosting.Lifetime|Content root path: E:\NIx Projects\AspNetMvcEducationPortal\PL 
2021-07-17 14:19:12.3692||DEBUG|PL.Program|Init Main 
2021-07-17 14:19:14.0234||INFO|Microsoft.Hosting.Lifetime|Application started. Press Ctrl+C to shut down. 
2021-07-17 14:19:14.0234||INFO|Microsoft.Hosting.Lifetime|Hosting environment: Development 
2021-07-17 14:19:14.0379||INFO|Microsoft.Hosting.Lifetime|Content root path: E:\NIx Projects\AspNetMvcEducationPortal\PL 
2021-07-17 14:21:27.3587||DEBUG|PL.Program|Init Main 
2021-07-17 14:21:28.9089||INFO|Microsoft.Hosting.Lifetime|Application started. Press Ctrl+C to shut down. 
2021-07-17 14:21:28.9089||INFO|Microsoft.Hosting.Lifetime|Hosting environment: Development 
2021-07-17 14:21:28.9284||INFO|Microsoft.Hosting.Lifetime|Content root path: E:\NIx Projects\AspNetMvcEducationPortal\PL 
2021-07-17 14:21:40.5714|1|ERROR|Microsoft.AspNetCore.Diagnostics.DeveloperExceptionPageMiddleware|An unhandled exception has occurred while executing the request. System.InvalidOperationException: The model item passed into the ViewDataDictionary is of type 'System.Int32', but this ViewDataDictionary instance requires a model item of type 'BLL.DtoModels.CourseModel'.
   at Microsoft.AspNetCore.Mvc.ViewFeatures.ViewDataDictionary.EnsureCompatible(Object value)
   at Microsoft.AspNetCore.Mvc.ViewFeatures.ViewDataDictionary..ctor(ViewDataDictionary source, Object model, Type declaredModelType)
   at lambda_method89(Closure , ViewDataDictionary )
   at Microsoft.AspNetCore.Mvc.Razor.RazorPagePropertyActivator.CreateViewDataDictionary(ViewContext context)
   at Microsoft.AspNetCore.Mvc.Razor.RazorPagePropertyActivator.Activate(Object page, ViewContext context)
   at Microsoft.AspNetCore.Mvc.Razor.RazorPageActivator.Activate(IRazorPage page, ViewContext context)
   at Microsoft.AspNetCore.Mvc.Razor.RazorView.RenderPageCoreAsync(IRazorPage page, ViewContext context)
   at Microsoft.AspNetCore.Mvc.Razor.RazorView.RenderPageAsync(IRazorPage page, ViewContext context, Boolean invokeViewStarts)
   at Microsoft.AspNetCore.Mvc.Razor.RazorView.RenderAsync(ViewContext context)
   at Microsoft.AspNetCore.Mvc.ViewFeatures.ViewExecutor.ExecuteAsync(ViewContext viewContext, String contentType, Nullable`1 statusCode)
   at Microsoft.AspNetCore.Mvc.ViewFeatures.ViewExecutor.ExecuteAsync(ViewContext viewContext, String contentType, Nullable`1 statusCode)
   at Microsoft.AspNetCore.Mvc.ViewFeatures.ViewExecutor.ExecuteAsync(ActionContext actionContext, IView view, ViewDataDictionary viewData, ITempDataDictionary tempData, String contentType, Nullable`1 statusCode)
   at Microsoft.AspNetCore.Mvc.ViewFeatures.ViewResultExecutor.ExecuteAsync(ActionContext context, ViewResult result)
   at Microsoft.AspNetCore.Mvc.ViewResult.ExecuteResultAsync(ActionContext context)
   at Microsoft.AspNetCore.Mvc.Infrastructure.ResourceInvoker.<InvokeNextResultFilterAsync>g__Awaited|29_0[TFilter,TFilterAsync](ResourceInvoker invoker, Task lastTask, State next, Scope scope, Object state, Boolean isCompleted)
   at Microsoft.AspNetCore.Mvc.Infrastructure.ResourceInvoker.Rethrow(ResultExecutedContextSealed context)
   at Microsoft.AspNetCore.Mvc.Infrastructure.ResourceInvoker.ResultNext[TFilter,TFilterAsync](State& next, Scope& scope, Object& state, Boolean& isCompleted)
   at Microsoft.AspNetCore.Mvc.Infrastructure.ResourceInvoker.InvokeResultFilters()
--- End of stack trace from previous location ---
   at Microsoft.AspNetCore.Mvc.Infrastructure.ResourceInvoker.<InvokeNextResourceFilter>g__Awaited|24_0(ResourceInvoker invoker, Task lastTask, State next, Scope scope, Object state, Boolean isCompleted)
   at Microsoft.AspNetCore.Mvc.Infrastructure.ResourceInvoker.Rethrow(ResourceExecutedContextSealed context)
   at Microsoft.AspNetCore.Mvc.Infrastructure.ResourceInvoker.Next(State& next, Scope& scope, Object& state, Boolean& isCompleted)
   at Microsoft.AspNetCore.Mvc.Infrastructure.ResourceInvoker.InvokeFilterPipelineAsync()
--- End of stack trace from previous location ---
   at Microsoft.AspNetCore.Mvc.Infrastructure.ResourceInvoker.<InvokeAsync>g__Awaited|17_0(ResourceInvoker invoker, Task task, IDisposable scope)
   at Microsoft.AspNetCore.Routing.EndpointMiddleware.<Invoke>g__AwaitRequestTask|6_0(Endpoint endpoint, Task requestTask, ILogger logger)
   at Microsoft.AspNetCore.Authorization.AuthorizationMiddleware.Invoke(HttpContext context)
   at Microsoft.AspNetCore.Authentication.AuthenticationMiddleware.Invoke(HttpContext context)
   at Microsoft.AspNetCore.Diagnostics.DeveloperExceptionPageMiddleware.Invoke(HttpContext context)
2021-07-17 14:22:17.1193||DEBUG|PL.Program|Init Main 
2021-07-17 14:22:18.9263||INFO|Microsoft.Hosting.Lifetime|Application started. Press Ctrl+C to shut down. 
2021-07-17 14:22:18.9263||INFO|Microsoft.Hosting.Lifetime|Hosting environment: Development 
2021-07-17 14:22:18.9440||INFO|Microsoft.Hosting.Lifetime|Content root path: E:\NIx Projects\AspNetMvcEducationPortal\PL 
2021-07-17 14:25:01.7222||DEBUG|PL.Program|Init Main 
2021-07-17 14:25:03.3781||INFO|Microsoft.Hosting.Lifetime|Application started. Press Ctrl+C to shut down. 
2021-07-17 14:25:03.3781||INFO|Microsoft.Hosting.Lifetime|Hosting environment: Development 
2021-07-17 14:25:03.3954||INFO|Microsoft.Hosting.Lifetime|Content root path: E:\NIx Projects\AspNetMvcEducationPortal\PL 
2021-07-17 14:26:54.1194||DEBUG|PL.Program|Init Main 
2021-07-17 14:26:55.8128||INFO|Microsoft.Hosting.Lifetime|Application started. Press Ctrl+C to shut down. 
2021-07-17 14:26:55.8128||INFO|Microsoft.Hosting.Lifetime|Hosting environment: Development 
2021-07-17 14:26:55.8277||INFO|Microsoft.Hosting.Lifetime|Content root path: E:\NIx Projects\AspNetMvcEducationPortal\PL 
2021-07-17 14:31:44.9766||DEBUG|PL.Program|Init Main 
2021-07-17 14:31:46.4742||INFO|Microsoft.Hosting.Lifetime|Application started. Press Ctrl+C to shut down. 
2021-07-17 14:31:46.4891||INFO|Microsoft.Hosting.Lifetime|Hosting environment: Development 
2021-07-17 14:31:46.4891||INFO|Microsoft.Hosting.Lifetime|Content root path: E:\NIx Projects\AspNetMvcEducationPortal\PL 
2021-07-17 14:36:07.7158||DEBUG|PL.Program|Init Main 
2021-07-17 14:36:09.5440||INFO|Microsoft.Hosting.Lifetime|Application started. Press Ctrl+C to shut down. 
2021-07-17 14:36:09.5483||INFO|Microsoft.Hosting.Lifetime|Hosting environment: Development 
2021-07-17 14:36:09.5483||INFO|Microsoft.Hosting.Lifetime|Content root path: E:\NIx Projects\AspNetMvcEducationPortal\PL 
2021-07-17 14:36:20.7426|3|ERROR|Microsoft.AspNetCore.Mvc.ViewFeatures.ViewResultExecutor|The view 'Delete' was not found. Searched locations: /Views/Course/Delete.cshtml, /Views/Shared/Delete.cshtml, /Pages/Shared/Delete.cshtml 
2021-07-17 14:36:20.7608|1|ERROR|Microsoft.AspNetCore.Diagnostics.DeveloperExceptionPageMiddleware|An unhandled exception has occurred while executing the request. System.InvalidOperationException: The view 'Delete' was not found. The following locations were searched:
/Views/Course/Delete.cshtml
/Views/Shared/Delete.cshtml
/Pages/Shared/Delete.cshtml
   at Microsoft.AspNetCore.Mvc.ViewEngines.ViewEngineResult.EnsureSuccessful(IEnumerable`1 originalLocations)
   at Microsoft.AspNetCore.Mvc.ViewFeatures.ViewResultExecutor.ExecuteAsync(ActionContext context, ViewResult result)
   at Microsoft.AspNetCore.Mvc.ViewResult.ExecuteResultAsync(ActionContext context)
   at Microsoft.AspNetCore.Mvc.Infrastructure.ResourceInvoker.<InvokeNextResultFilterAsync>g__Awaited|29_0[TFilter,TFilterAsync](ResourceInvoker invoker, Task lastTask, State next, Scope scope, Object state, Boolean isCompleted)
   at Microsoft.AspNetCore.Mvc.Infrastructure.ResourceInvoker.Rethrow(ResultExecutedContextSealed context)
   at Microsoft.AspNetCore.Mvc.Infrastructure.ResourceInvoker.ResultNext[TFilter,TFilterAsync](State& next, Scope& scope, Object& state, Boolean& isCompleted)
   at Microsoft.AspNetCore.Mvc.Infrastructure.ResourceInvoker.InvokeResultFilters()
--- End of stack trace from previous location ---
   at Microsoft.AspNetCore.Mvc.Infrastructure.ResourceInvoker.<InvokeNextResourceFilter>g__Awaited|24_0(ResourceInvoker invoker, Task lastTask, State next, Scope scope, Object state, Boolean isCompleted)
   at Microsoft.AspNetCore.Mvc.Infrastructure.ResourceInvoker.Rethrow(ResourceExecutedContextSealed context)
   at Microsoft.AspNetCore.Mvc.Infrastructure.ResourceInvoker.Next(State& next, Scope& scope, Object& state, Boolean& isCompleted)
   at Microsoft.AspNetCore.Mvc.Infrastructure.ResourceInvoker.InvokeFilterPipelineAsync()
--- End of stack trace from previous location ---
   at Microsoft.AspNetCore.Mvc.Infrastructure.ResourceInvoker.<InvokeAsync>g__Awaited|17_0(ResourceInvoker invoker, Task task, IDisposable scope)
   at Microsoft.AspNetCore.Routing.EndpointMiddleware.<Invoke>g__AwaitRequestTask|6_0(Endpoint endpoint, Task requestTask, ILogger logger)
   at Microsoft.AspNetCore.Authorization.AuthorizationMiddleware.Invoke(HttpContext context)
   at Microsoft.AspNetCore.Authentication.AuthenticationMiddleware.Invoke(HttpContext context)
   at Microsoft.AspNetCore.Diagnostics.DeveloperExceptionPageMiddleware.Invoke(HttpContext context)
2021-07-17 14:37:30.3498||DEBUG|PL.Program|Init Main 
2021-07-17 14:37:31.9506||INFO|Microsoft.Hosting.Lifetime|Application started. Press Ctrl+C to shut down. 
2021-07-17 14:37:31.9540||INFO|Microsoft.Hosting.Lifetime|Hosting environment: Development 
2021-07-17 14:37:31.9540||INFO|Microsoft.Hosting.Lifetime|Content root path: E:\NIx Projects\AspNetMvcEducationPortal\PL 
2021-07-17 14:37:41.9323|3|ERROR|Microsoft.AspNetCore.Mvc.ViewFeatures.ViewResultExecutor|The view 'Delete' was not found. Searched locations: /Views/Course/Delete.cshtml, /Views/Shared/Delete.cshtml, /Pages/Shared/Delete.cshtml 
2021-07-17 14:37:41.9528|1|ERROR|Microsoft.AspNetCore.Diagnostics.DeveloperExceptionPageMiddleware|An unhandled exception has occurred while executing the request. System.InvalidOperationException: The view 'Delete' was not found. The following locations were searched:
/Views/Course/Delete.cshtml
/Views/Shared/Delete.cshtml
/Pages/Shared/Delete.cshtml
   at Microsoft.AspNetCore.Mvc.ViewEngines.ViewEngineResult.EnsureSuccessful(IEnumerable`1 originalLocations)
   at Microsoft.AspNetCore.Mvc.ViewFeatures.ViewResultExecutor.ExecuteAsync(ActionContext context, ViewResult result)
   at Microsoft.AspNetCore.Mvc.ViewResult.ExecuteResultAsync(ActionContext context)
   at Microsoft.AspNetCore.Mvc.Infrastructure.ResourceInvoker.<InvokeNextResultFilterAsync>g__Awaited|29_0[TFilter,TFilterAsync](ResourceInvoker invoker, Task lastTask, State next, Scope scope, Object state, Boolean isCompleted)
   at Microsoft.AspNetCore.Mvc.Infrastructure.ResourceInvoker.Rethrow(ResultExecutedContextSealed context)
   at Microsoft.AspNetCore.Mvc.Infrastructure.ResourceInvoker.ResultNext[TFilter,TFilterAsync](State& next, Scope& scope, Object& state, Boolean& isCompleted)
   at Microsoft.AspNetCore.Mvc.Infrastructure.ResourceInvoker.InvokeResultFilters()
--- End of stack trace from previous location ---
   at Microsoft.AspNetCore.Mvc.Infrastructure.ResourceInvoker.<InvokeNextResourceFilter>g__Awaited|24_0(ResourceInvoker invoker, Task lastTask, State next, Scope scope, Object state, Boolean isCompleted)
   at Microsoft.AspNetCore.Mvc.Infrastructure.ResourceInvoker.Rethrow(ResourceExecutedContextSealed context)
   at Microsoft.AspNetCore.Mvc.Infrastructure.ResourceInvoker.Next(State& next, Scope& scope, Object& state, Boolean& isCompleted)
   at Microsoft.AspNetCore.Mvc.Infrastructure.ResourceInvoker.InvokeFilterPipelineAsync()
--- End of stack trace from previous location ---
   at Microsoft.AspNetCore.Mvc.Infrastructure.ResourceInvoker.<InvokeAsync>g__Awaited|17_0(ResourceInvoker invoker, Task task, IDisposable scope)
   at Microsoft.AspNetCore.Routing.EndpointMiddleware.<Invoke>g__AwaitRequestTask|6_0(Endpoint endpoint, Task requestTask, ILogger logger)
   at Microsoft.AspNetCore.Authorization.AuthorizationMiddleware.Invoke(HttpContext context)
   at Microsoft.AspNetCore.Authentication.AuthenticationMiddleware.Invoke(HttpContext context)
   at Microsoft.AspNetCore.Diagnostics.DeveloperExceptionPageMiddleware.Invoke(HttpContext context)
2021-07-17 14:38:32.2586||DEBUG|PL.Program|Init Main 
2021-07-17 14:38:33.8037||INFO|Microsoft.Hosting.Lifetime|Application started. Press Ctrl+C to shut down. 
2021-07-17 14:38:33.8037||INFO|Microsoft.Hosting.Lifetime|Hosting environment: Development 
2021-07-17 14:38:33.8182||INFO|Microsoft.Hosting.Lifetime|Content root path: E:\NIx Projects\AspNetMvcEducationPortal\PL 
2021-07-17 14:39:59.5565||DEBUG|PL.Program|Init Main 
2021-07-17 14:40:01.2311||INFO|Microsoft.Hosting.Lifetime|Application started. Press Ctrl+C to shut down. 
2021-07-17 14:40:01.2341||INFO|Microsoft.Hosting.Lifetime|Hosting environment: Development 
2021-07-17 14:40:01.2341||INFO|Microsoft.Hosting.Lifetime|Content root path: E:\NIx Projects\AspNetMvcEducationPortal\PL 
2021-07-17 14:41:16.3070||DEBUG|PL.Program|Init Main 
2021-07-17 14:41:17.8402||INFO|Microsoft.Hosting.Lifetime|Application started. Press Ctrl+C to shut down. 
2021-07-17 14:41:17.8438||INFO|Microsoft.Hosting.Lifetime|Hosting environment: Development 
2021-07-17 14:41:17.8438||INFO|Microsoft.Hosting.Lifetime|Content root path: E:\NIx Projects\AspNetMvcEducationPortal\PL 
2021-07-17 14:41:39.1999|3|ERROR|Microsoft.AspNetCore.Mvc.ViewFeatures.ViewResultExecutor|The view 'Details' was not found. Searched locations: /Views/Course/Details.cshtml, /Views/Shared/Details.cshtml, /Pages/Shared/Details.cshtml 
2021-07-17 14:41:39.2219|1|ERROR|Microsoft.AspNetCore.Diagnostics.DeveloperExceptionPageMiddleware|An unhandled exception has occurred while executing the request. System.InvalidOperationException: The view 'Details' was not found. The following locations were searched:
/Views/Course/Details.cshtml
/Views/Shared/Details.cshtml
/Pages/Shared/Details.cshtml
   at Microsoft.AspNetCore.Mvc.ViewEngines.ViewEngineResult.EnsureSuccessful(IEnumerable`1 originalLocations)
   at Microsoft.AspNetCore.Mvc.ViewFeatures.ViewResultExecutor.ExecuteAsync(ActionContext context, ViewResult result)
   at Microsoft.AspNetCore.Mvc.ViewResult.ExecuteResultAsync(ActionContext context)
   at Microsoft.AspNetCore.Mvc.Infrastructure.ResourceInvoker.<InvokeNextResultFilterAsync>g__Awaited|29_0[TFilter,TFilterAsync](ResourceInvoker invoker, Task lastTask, State next, Scope scope, Object state, Boolean isCompleted)
   at Microsoft.AspNetCore.Mvc.Infrastructure.ResourceInvoker.Rethrow(ResultExecutedContextSealed context)
   at Microsoft.AspNetCore.Mvc.Infrastructure.ResourceInvoker.ResultNext[TFilter,TFilterAsync](State& next, Scope& scope, Object& state, Boolean& isCompleted)
   at Microsoft.AspNetCore.Mvc.Infrastructure.ResourceInvoker.InvokeResultFilters()
--- End of stack trace from previous location ---
   at Microsoft.AspNetCore.Mvc.Infrastructure.ResourceInvoker.<InvokeNextResourceFilter>g__Awaited|24_0(ResourceInvoker invoker, Task lastTask, State next, Scope scope, Object state, Boolean isCompleted)
   at Microsoft.AspNetCore.Mvc.Infrastructure.ResourceInvoker.Rethrow(ResourceExecutedContextSealed context)
   at Microsoft.AspNetCore.Mvc.Infrastructure.ResourceInvoker.Next(State& next, Scope& scope, Object& state, Boolean& isCompleted)
   at Microsoft.AspNetCore.Mvc.Infrastructure.ResourceInvoker.InvokeFilterPipelineAsync()
--- End of stack trace from previous location ---
   at Microsoft.AspNetCore.Mvc.Infrastructure.ResourceInvoker.<InvokeAsync>g__Awaited|17_0(ResourceInvoker invoker, Task task, IDisposable scope)
   at Microsoft.AspNetCore.Routing.EndpointMiddleware.<Invoke>g__AwaitRequestTask|6_0(Endpoint endpoint, Task requestTask, ILogger logger)
   at Microsoft.AspNetCore.Authorization.AuthorizationMiddleware.Invoke(HttpContext context)
   at Microsoft.AspNetCore.Authentication.AuthenticationMiddleware.Invoke(HttpContext context)
   at Microsoft.AspNetCore.Diagnostics.DeveloperExceptionPageMiddleware.Invoke(HttpContext context)
2021-07-17 14:42:27.2030||DEBUG|PL.Program|Init Main 
2021-07-17 14:42:28.9137||INFO|Microsoft.Hosting.Lifetime|Application started. Press Ctrl+C to shut down. 
2021-07-17 14:42:28.9137||INFO|Microsoft.Hosting.Lifetime|Hosting environment: Development 
2021-07-17 14:42:28.9285||INFO|Microsoft.Hosting.Lifetime|Content root path: E:\NIx Projects\AspNetMvcEducationPortal\PL 
2021-07-17 15:24:34.9802||DEBUG|PL.Program|Init Main 
2021-07-17 15:24:36.6726||INFO|Microsoft.Hosting.Lifetime|Application started. Press Ctrl+C to shut down. 
2021-07-17 15:24:36.6726||INFO|Microsoft.Hosting.Lifetime|Hosting environment: Development 
2021-07-17 15:24:36.6884||INFO|Microsoft.Hosting.Lifetime|Content root path: E:\NIx Projects\AspNetMvcEducationPortal\PL 
2021-07-17 15:25:35.8078||DEBUG|PL.Program|Init Main 
2021-07-17 15:25:37.6843||INFO|Microsoft.Hosting.Lifetime|Application started. Press Ctrl+C to shut down. 
2021-07-17 15:25:37.6948||INFO|Microsoft.Hosting.Lifetime|Hosting environment: Development 
2021-07-17 15:25:37.7033||INFO|Microsoft.Hosting.Lifetime|Content root path: E:\NIx Projects\AspNetMvcEducationPortal\PL 
2021-07-17 16:00:30.7802||DEBUG|PL.Program|Init Main 
2021-07-17 16:00:32.4949||INFO|Microsoft.Hosting.Lifetime|Application started. Press Ctrl+C to shut down. 
2021-07-17 16:00:32.4992||INFO|Microsoft.Hosting.Lifetime|Hosting environment: Development 
2021-07-17 16:00:32.4992||INFO|Microsoft.Hosting.Lifetime|Content root path: E:\NIx Projects\AspNetMvcEducationPortal\PL 
2021-07-17 16:00:47.3041|1|ERROR|Microsoft.AspNetCore.Diagnostics.DeveloperExceptionPageMiddleware|An unhandled exception has occurred while executing the request. System.InvalidOperationException: The model item passed into the ViewDataDictionary is of type 'System.Collections.Generic.List`1[BLL.DtoModels.MaterialModel]', but this ViewDataDictionary instance requires a model item of type 'System.Collections.Generic.IEnumerable`1[BLL.DtoModels.BookModel]'.
   at Microsoft.AspNetCore.Mvc.ViewFeatures.ViewDataDictionary.EnsureCompatible(Object value)
   at Microsoft.AspNetCore.Mvc.ViewFeatures.ViewDataDictionary..ctor(ViewDataDictionary source, Object model, Type declaredModelType)
   at lambda_method86(Closure , ViewDataDictionary )
   at Microsoft.AspNetCore.Mvc.Razor.RazorPagePropertyActivator.CreateViewDataDictionary(ViewContext context)
   at Microsoft.AspNetCore.Mvc.Razor.RazorPagePropertyActivator.Activate(Object page, ViewContext context)
   at Microsoft.AspNetCore.Mvc.Razor.RazorPageActivator.Activate(IRazorPage page, ViewContext context)
   at Microsoft.AspNetCore.Mvc.Razor.RazorView.RenderPageCoreAsync(IRazorPage page, ViewContext context)
   at Microsoft.AspNetCore.Mvc.Razor.RazorView.RenderPageAsync(IRazorPage page, ViewContext context, Boolean invokeViewStarts)
   at Microsoft.AspNetCore.Mvc.Razor.RazorView.RenderAsync(ViewContext context)
   at Microsoft.AspNetCore.Mvc.ViewFeatures.ViewExecutor.ExecuteAsync(ViewContext viewContext, String contentType, Nullable`1 statusCode)
   at Microsoft.AspNetCore.Mvc.ViewFeatures.ViewExecutor.ExecuteAsync(ViewContext viewContext, String contentType, Nullable`1 statusCode)
   at Microsoft.AspNetCore.Mvc.ViewFeatures.ViewExecutor.ExecuteAsync(ActionContext actionContext, IView view, ViewDataDictionary viewData, ITempDataDictionary tempData, String contentType, Nullable`1 statusCode)
   at Microsoft.AspNetCore.Mvc.ViewFeatures.ViewResultExecutor.ExecuteAsync(ActionContext context, ViewResult result)
   at Microsoft.AspNetCore.Mvc.ViewResult.ExecuteResultAsync(ActionContext context)
   at Microsoft.AspNetCore.Mvc.Infrastructure.ResourceInvoker.<InvokeNextResultFilterAsync>g__Awaited|29_0[TFilter,TFilterAsync](ResourceInvoker invoker, Task lastTask, State next, Scope scope, Object state, Boolean isCompleted)
   at Microsoft.AspNetCore.Mvc.Infrastructure.ResourceInvoker.Rethrow(ResultExecutedContextSealed context)
   at Microsoft.AspNetCore.Mvc.Infrastructure.ResourceInvoker.ResultNext[TFilter,TFilterAsync](State& next, Scope& scope, Object& state, Boolean& isCompleted)
   at Microsoft.AspNetCore.Mvc.Infrastructure.ResourceInvoker.InvokeResultFilters()
--- End of stack trace from previous location ---
   at Microsoft.AspNetCore.Mvc.Infrastructure.ResourceInvoker.<InvokeNextResourceFilter>g__Awaited|24_0(ResourceInvoker invoker, Task lastTask, State next, Scope scope, Object state, Boolean isCompleted)
   at Microsoft.AspNetCore.Mvc.Infrastructure.ResourceInvoker.Rethrow(ResourceExecutedContextSealed context)
   at Microsoft.AspNetCore.Mvc.Infrastructure.ResourceInvoker.Next(State& next, Scope& scope, Object& state, Boolean& isCompleted)
   at Microsoft.AspNetCore.Mvc.Infrastructure.ResourceInvoker.InvokeFilterPipelineAsync()
--- End of stack trace from previous location ---
   at Microsoft.AspNetCore.Mvc.Infrastructure.ResourceInvoker.<InvokeAsync>g__Awaited|17_0(ResourceInvoker invoker, Task task, IDisposable scope)
   at Microsoft.AspNetCore.Routing.EndpointMiddleware.<Invoke>g__AwaitRequestTask|6_0(Endpoint endpoint, Task requestTask, ILogger logger)
   at Microsoft.AspNetCore.Authorization.AuthorizationMiddleware.Invoke(HttpContext context)
   at Microsoft.AspNetCore.Authentication.AuthenticationMiddleware.Invoke(HttpContext context)
   at Microsoft.AspNetCore.Diagnostics.DeveloperExceptionPageMiddleware.Invoke(HttpContext context)
2021-07-17 16:01:40.4817||DEBUG|PL.Program|Init Main 
2021-07-17 16:01:42.1365||INFO|Microsoft.Hosting.Lifetime|Application started. Press Ctrl+C to shut down. 
2021-07-17 16:01:42.1404||INFO|Microsoft.Hosting.Lifetime|Hosting environment: Development 
2021-07-17 16:01:42.1404||INFO|Microsoft.Hosting.Lifetime|Content root path: E:\NIx Projects\AspNetMvcEducationPortal\PL 
2021-07-17 16:02:09.2894|10103|WARN|Microsoft.EntityFrameworkCore.Query|The query uses the 'First'/'FirstOrDefault' operator without 'OrderBy' and filter operators. This may lead to unpredictable results. 
2021-07-17 16:03:19.9634||DEBUG|PL.Program|Init Main 
2021-07-17 16:03:21.5809||INFO|Microsoft.Hosting.Lifetime|Application started. Press Ctrl+C to shut down. 
2021-07-17 16:03:21.5809||INFO|Microsoft.Hosting.Lifetime|Hosting environment: Development 
2021-07-17 16:03:21.5950||INFO|Microsoft.Hosting.Lifetime|Content root path: E:\NIx Projects\AspNetMvcEducationPortal\PL 
2021-07-17 16:03:41.4471|10103|WARN|Microsoft.EntityFrameworkCore.Query|The query uses the 'First'/'FirstOrDefault' operator without 'OrderBy' and filter operators. This may lead to unpredictable results. 
2021-07-17 16:07:21.7362||DEBUG|PL.Program|Init Main 
2021-07-17 16:07:23.3558||INFO|Microsoft.Hosting.Lifetime|Application started. Press Ctrl+C to shut down. 
2021-07-17 16:07:23.3595||INFO|Microsoft.Hosting.Lifetime|Hosting environment: Development 
2021-07-17 16:07:23.3595||INFO|Microsoft.Hosting.Lifetime|Content root path: E:\NIx Projects\AspNetMvcEducationPortal\PL 
2021-07-17 16:07:54.1788|10103|WARN|Microsoft.EntityFrameworkCore.Query|The query uses the 'First'/'FirstOrDefault' operator without 'OrderBy' and filter operators. This may lead to unpredictable results. 
2021-07-17 16:09:24.9884||DEBUG|PL.Program|Init Main 
2021-07-17 16:09:26.5326||INFO|Microsoft.Hosting.Lifetime|Application started. Press Ctrl+C to shut down. 
2021-07-17 16:09:26.5326||INFO|Microsoft.Hosting.Lifetime|Hosting environment: Development 
2021-07-17 16:09:26.5768||INFO|Microsoft.Hosting.Lifetime|Content root path: E:\NIx Projects\AspNetMvcEducationPortal\PL 
2021-07-17 16:09:41.1943|10103|WARN|Microsoft.EntityFrameworkCore.Query|The query uses the 'First'/'FirstOrDefault' operator without 'OrderBy' and filter operators. This may lead to unpredictable results. 
2021-07-17 16:11:36.5220||DEBUG|PL.Program|Init Main 
2021-07-17 16:11:38.0341||INFO|Microsoft.Hosting.Lifetime|Application started. Press Ctrl+C to shut down. 
2021-07-17 16:11:38.0341||INFO|Microsoft.Hosting.Lifetime|Hosting environment: Development 
2021-07-17 16:11:38.0492||INFO|Microsoft.Hosting.Lifetime|Content root path: E:\NIx Projects\AspNetMvcEducationPortal\PL 
2021-07-17 16:12:06.2760|10103|WARN|Microsoft.EntityFrameworkCore.Query|The query uses the 'First'/'FirstOrDefault' operator without 'OrderBy' and filter operators. This may lead to unpredictable results. 
2021-07-17 16:12:28.9970|1|ERROR|Microsoft.AspNetCore.Diagnostics.DeveloperExceptionPageMiddleware|An unhandled exception has occurred while executing the request. System.InvalidOperationException: The model item passed into the ViewDataDictionary is of type 'BLL.DtoModels.BookModel', but this ViewDataDictionary instance requires a model item of type 'System.Collections.Generic.IEnumerable`1[BLL.DtoModels.BookModel]'.
   at Microsoft.AspNetCore.Mvc.ViewFeatures.ViewDataDictionary.EnsureCompatible(Object value)
   at Microsoft.AspNetCore.Mvc.ViewFeatures.ViewDataDictionary..ctor(ViewDataDictionary source, Object model, Type declaredModelType)
   at lambda_method82(Closure , ViewDataDictionary )
   at Microsoft.AspNetCore.Mvc.Razor.RazorPagePropertyActivator.CreateViewDataDictionary(ViewContext context)
   at Microsoft.AspNetCore.Mvc.Razor.RazorPagePropertyActivator.Activate(Object page, ViewContext context)
   at Microsoft.AspNetCore.Mvc.Razor.RazorPageActivator.Activate(IRazorPage page, ViewContext context)
   at Microsoft.AspNetCore.Mvc.Razor.RazorView.RenderPageCoreAsync(IRazorPage page, ViewContext context)
   at Microsoft.AspNetCore.Mvc.Razor.RazorView.RenderPageAsync(IRazorPage page, ViewContext context, Boolean invokeViewStarts)
   at Microsoft.AspNetCore.Mvc.Razor.RazorView.RenderAsync(ViewContext context)
   at Microsoft.AspNetCore.Mvc.ViewFeatures.ViewExecutor.ExecuteAsync(ViewContext viewContext, String contentType, Nullable`1 statusCode)
   at Microsoft.AspNetCore.Mvc.ViewFeatures.ViewExecutor.ExecuteAsync(ViewContext viewContext, String contentType, Nullable`1 statusCode)
   at Microsoft.AspNetCore.Mvc.ViewFeatures.ViewExecutor.ExecuteAsync(ActionContext actionContext, IView view, ViewDataDictionary viewData, ITempDataDictionary tempData, String contentType, Nullable`1 statusCode)
   at Microsoft.AspNetCore.Mvc.ViewFeatures.ViewResultExecutor.ExecuteAsync(ActionContext context, ViewResult result)
   at Microsoft.AspNetCore.Mvc.ViewResult.ExecuteResultAsync(ActionContext context)
   at Microsoft.AspNetCore.Mvc.Infrastructure.ResourceInvoker.<InvokeNextResultFilterAsync>g__Awaited|29_0[TFilter,TFilterAsync](ResourceInvoker invoker, Task lastTask, State next, Scope scope, Object state, Boolean isCompleted)
   at Microsoft.AspNetCore.Mvc.Infrastructure.ResourceInvoker.Rethrow(ResultExecutedContextSealed context)
   at Microsoft.AspNetCore.Mvc.Infrastructure.ResourceInvoker.ResultNext[TFilter,TFilterAsync](State& next, Scope& scope, Object& state, Boolean& isCompleted)
   at Microsoft.AspNetCore.Mvc.Infrastructure.ResourceInvoker.InvokeResultFilters()
--- End of stack trace from previous location ---
   at Microsoft.AspNetCore.Mvc.Infrastructure.ResourceInvoker.<InvokeNextResourceFilter>g__Awaited|24_0(ResourceInvoker invoker, Task lastTask, State next, Scope scope, Object state, Boolean isCompleted)
   at Microsoft.AspNetCore.Mvc.Infrastructure.ResourceInvoker.Rethrow(ResourceExecutedContextSealed context)
   at Microsoft.AspNetCore.Mvc.Infrastructure.ResourceInvoker.Next(State& next, Scope& scope, Object& state, Boolean& isCompleted)
   at Microsoft.AspNetCore.Mvc.Infrastructure.ResourceInvoker.InvokeFilterPipelineAsync()
--- End of stack trace from previous location ---
   at Microsoft.AspNetCore.Mvc.Infrastructure.ResourceInvoker.<InvokeAsync>g__Awaited|17_0(ResourceInvoker invoker, Task task, IDisposable scope)
   at Microsoft.AspNetCore.Routing.EndpointMiddleware.<Invoke>g__AwaitRequestTask|6_0(Endpoint endpoint, Task requestTask, ILogger logger)
   at Microsoft.AspNetCore.Authorization.AuthorizationMiddleware.Invoke(HttpContext context)
   at Microsoft.AspNetCore.Authentication.AuthenticationMiddleware.Invoke(HttpContext context)
   at Microsoft.AspNetCore.Diagnostics.DeveloperExceptionPageMiddleware.Invoke(HttpContext context)
2021-07-17 16:14:14.6356||DEBUG|PL.Program|Init Main 
2021-07-17 16:14:16.2076||INFO|Microsoft.Hosting.Lifetime|Application started. Press Ctrl+C to shut down. 
2021-07-17 16:14:16.2076||INFO|Microsoft.Hosting.Lifetime|Hosting environment: Development 
2021-07-17 16:14:16.2232||INFO|Microsoft.Hosting.Lifetime|Content root path: E:\NIx Projects\AspNetMvcEducationPortal\PL 
2021-07-17 16:17:28.5814||DEBUG|PL.Program|Init Main 
2021-07-17 16:17:30.2571||INFO|Microsoft.Hosting.Lifetime|Application started. Press Ctrl+C to shut down. 
2021-07-17 16:17:30.2571||INFO|Microsoft.Hosting.Lifetime|Hosting environment: Development 
2021-07-17 16:17:30.2732||INFO|Microsoft.Hosting.Lifetime|Content root path: E:\NIx Projects\AspNetMvcEducationPortal\PL 
2021-07-17 16:27:02.6074||DEBUG|PL.Program|Init Main 
2021-07-17 16:27:04.3513||INFO|Microsoft.Hosting.Lifetime|Application started. Press Ctrl+C to shut down. 
2021-07-17 16:27:04.3594||INFO|Microsoft.Hosting.Lifetime|Hosting environment: Development 
2021-07-17 16:27:04.3594||INFO|Microsoft.Hosting.Lifetime|Content root path: E:\NIx Projects\AspNetMvcEducationPortal\PL 
2021-07-17 16:30:40.6311||DEBUG|PL.Program|Init Main 
2021-07-17 16:30:42.3162||INFO|Microsoft.Hosting.Lifetime|Application started. Press Ctrl+C to shut down. 
2021-07-17 16:30:42.3162||INFO|Microsoft.Hosting.Lifetime|Hosting environment: Development 
2021-07-17 16:30:42.3324||INFO|Microsoft.Hosting.Lifetime|Content root path: E:\NIx Projects\AspNetMvcEducationPortal\PL 
2021-07-17 16:38:16.1819||DEBUG|PL.Program|Init Main 
2021-07-17 16:38:17.9678||INFO|Microsoft.Hosting.Lifetime|Application started. Press Ctrl+C to shut down. 
2021-07-17 16:38:17.9678||INFO|Microsoft.Hosting.Lifetime|Hosting environment: Development 
2021-07-17 16:38:17.9842||INFO|Microsoft.Hosting.Lifetime|Content root path: E:\NIx Projects\AspNetMvcEducationPortal\PL 
2021-07-17 16:50:13.5270||DEBUG|PL.Program|Init Main 
2021-07-17 16:50:15.1333||INFO|Microsoft.Hosting.Lifetime|Application started. Press Ctrl+C to shut down. 
2021-07-17 16:50:15.1333||INFO|Microsoft.Hosting.Lifetime|Hosting environment: Development 
2021-07-17 16:50:15.1487||INFO|Microsoft.Hosting.Lifetime|Content root path: E:\NIx Projects\AspNetMvcEducationPortal\PL 
2021-07-17 16:50:41.4597|3|ERROR|Microsoft.AspNetCore.Mvc.ViewFeatures.ViewResultExecutor|The view 'WievVideo' was not found. Searched locations: /Views/Video/WievVideo.cshtml, /Views/Shared/WievVideo.cshtml, /Pages/Shared/WievVideo.cshtml 
2021-07-17 16:50:41.4801|1|ERROR|Microsoft.AspNetCore.Diagnostics.DeveloperExceptionPageMiddleware|An unhandled exception has occurred while executing the request. System.InvalidOperationException: The view 'WievVideo' was not found. The following locations were searched:
/Views/Video/WievVideo.cshtml
/Views/Shared/WievVideo.cshtml
/Pages/Shared/WievVideo.cshtml
   at Microsoft.AspNetCore.Mvc.ViewEngines.ViewEngineResult.EnsureSuccessful(IEnumerable`1 originalLocations)
   at Microsoft.AspNetCore.Mvc.ViewFeatures.ViewResultExecutor.ExecuteAsync(ActionContext context, ViewResult result)
   at Microsoft.AspNetCore.Mvc.ViewResult.ExecuteResultAsync(ActionContext context)
   at Microsoft.AspNetCore.Mvc.Infrastructure.ResourceInvoker.<InvokeNextResultFilterAsync>g__Awaited|29_0[TFilter,TFilterAsync](ResourceInvoker invoker, Task lastTask, State next, Scope scope, Object state, Boolean isCompleted)
   at Microsoft.AspNetCore.Mvc.Infrastructure.ResourceInvoker.Rethrow(ResultExecutedContextSealed context)
   at Microsoft.AspNetCore.Mvc.Infrastructure.ResourceInvoker.ResultNext[TFilter,TFilterAsync](State& next, Scope& scope, Object& state, Boolean& isCompleted)
   at Microsoft.AspNetCore.Mvc.Infrastructure.ResourceInvoker.InvokeResultFilters()
--- End of stack trace from previous location ---
   at Microsoft.AspNetCore.Mvc.Infrastructure.ResourceInvoker.<InvokeNextResourceFilter>g__Awaited|24_0(ResourceInvoker invoker, Task lastTask, State next, Scope scope, Object state, Boolean isCompleted)
   at Microsoft.AspNetCore.Mvc.Infrastructure.ResourceInvoker.Rethrow(ResourceExecutedContextSealed context)
   at Microsoft.AspNetCore.Mvc.Infrastructure.ResourceInvoker.Next(State& next, Scope& scope, Object& state, Boolean& isCompleted)
   at Microsoft.AspNetCore.Mvc.Infrastructure.ResourceInvoker.InvokeFilterPipelineAsync()
--- End of stack trace from previous location ---
   at Microsoft.AspNetCore.Mvc.Infrastructure.ResourceInvoker.<InvokeAsync>g__Awaited|17_0(ResourceInvoker invoker, Task task, IDisposable scope)
   at Microsoft.AspNetCore.Routing.EndpointMiddleware.<Invoke>g__AwaitRequestTask|6_0(Endpoint endpoint, Task requestTask, ILogger logger)
   at Microsoft.AspNetCore.Authorization.AuthorizationMiddleware.Invoke(HttpContext context)
   at Microsoft.AspNetCore.Authentication.AuthenticationMiddleware.Invoke(HttpContext context)
   at Microsoft.AspNetCore.Diagnostics.DeveloperExceptionPageMiddleware.Invoke(HttpContext context)
2021-07-17 16:52:03.2125||DEBUG|PL.Program|Init Main 
2021-07-17 16:52:04.9007||INFO|Microsoft.Hosting.Lifetime|Application started. Press Ctrl+C to shut down. 
2021-07-17 16:52:04.9007||INFO|Microsoft.Hosting.Lifetime|Hosting environment: Development 
2021-07-17 16:52:04.9157||INFO|Microsoft.Hosting.Lifetime|Content root path: E:\NIx Projects\AspNetMvcEducationPortal\PL 
2021-07-17 16:52:33.3096|20102|ERROR|Microsoft.EntityFrameworkCore.Database.Command|Failed executing DbCommand (35ms) [Parameters=[@p2='?' (DbType = Int32), @p3='?' (DbType = Time), @p4='?' (Size = 4000)], CommandType='Text', CommandTimeout='30']
SET NOCOUNT ON;
INSERT INTO [sch].[Videos] ([Id], [Duration], [Quality])
VALUES (@p2, @p3, @p4); 
2021-07-17 16:52:33.3437|10000|ERROR|Microsoft.EntityFrameworkCore.Update|An exception occurred in the database while saving changes for context type 'DAL.DBExt.ProtalDbContext'.
Microsoft.EntityFrameworkCore.DbUpdateException: An error occurred while updating the entries. See the inner exception for details.
 ---> System.OverflowException: SqlDbType.Time overflow.  Value '25.00:00:00' is out of range.  Must be between 00:00:00.0000000 and 23:59:59.9999999.
   at Microsoft.Data.SqlClient.TdsParser.WriteTime(TimeSpan value, Byte scale, Int32 length, TdsParserStateObject stateObj)
   at Microsoft.Data.SqlClient.TdsParser.WriteUnterminatedValue(Object value, MetaType type, Byte scale, Int32 actualLength, Int32 encodingByteSize, Int32 offset, TdsParserStateObject stateObj, Int32 paramSize, Boolean isDataFeed)
   at Microsoft.Data.SqlClient.TdsParser.WriteValue(Object value, MetaType type, Byte scale, Int32 actualLength, Int32 encodingByteSize, Int32 offset, TdsParserStateObject stateObj, Int32 paramSize, Boolean isDataFeed)
   at Microsoft.Data.SqlClient.TdsParser.TDSExecuteRPCAddParameter(TdsParserStateObject stateObj, SqlParameter param, MetaType mt, Byte options)
   at Microsoft.Data.SqlClient.TdsParser.TdsExecuteRPC(SqlCommand cmd, _SqlRPC[] rpcArray, Int32 timeout, Boolean inSchema, SqlNotificationRequest notificationRequest, TdsParserStateObject stateObj, Boolean isCommandProc, Boolean sync, TaskCompletionSource`1 completion, Int32 startRpc, Int32 startParam)
   at Microsoft.Data.SqlClient.SqlCommand.RunExecuteReaderTds(CommandBehavior cmdBehavior, RunBehavior runBehavior, Boolean returnStream, Boolean isAsync, Int32 timeout, Task& task, Boolean asyncWrite, Boolean inRetry, SqlDataReader ds, Boolean describeParameterEncryptionRequest)
   at Microsoft.Data.SqlClient.SqlCommand.RunExecuteReader(CommandBehavior cmdBehavior, RunBehavior runBehavior, Boolean returnStream, TaskCompletionSource`1 completion, Int32 timeout, Task& task, Boolean& usedCache, Boolean asyncWrite, Boolean inRetry, String method)
   at Microsoft.Data.SqlClient.SqlCommand.RunExecuteReader(CommandBehavior cmdBehavior, RunBehavior runBehavior, Boolean returnStream, String method)
   at Microsoft.Data.SqlClient.SqlCommand.ExecuteReader(CommandBehavior behavior)
   at Microsoft.Data.SqlClient.SqlCommand.ExecuteDbDataReader(CommandBehavior behavior)
   at System.Data.Common.DbCommand.ExecuteReader()
   at Microsoft.EntityFrameworkCore.Storage.RelationalCommand.ExecuteReader(RelationalCommandParameterObject parameterObject)
   at Microsoft.EntityFrameworkCore.Update.ReaderModificationCommandBatch.Execute(IRelationalConnection connection)
   --- End of inner exception stack trace ---
   at Microsoft.EntityFrameworkCore.Update.ReaderModificationCommandBatch.Execute(IRelationalConnection connection)
   at Microsoft.EntityFrameworkCore.Update.Internal.BatchExecutor.Execute(IEnumerable`1 commandBatches, IRelationalConnection connection)
   at Microsoft.EntityFrameworkCore.Storage.RelationalDatabase.SaveChanges(IList`1 entries)
   at Microsoft.EntityFrameworkCore.ChangeTracking.Internal.StateManager.SaveChanges(IList`1 entriesToSave)
   at Microsoft.EntityFrameworkCore.ChangeTracking.Internal.StateManager.SaveChanges(DbContext _, Boolean acceptAllChangesOnSuccess)
   at Microsoft.EntityFrameworkCore.SqlServer.Storage.Internal.SqlServerExecutionStrategy.Execute[TState,TResult](TState state, Func`3 operation, Func`3 verifySucceeded)
   at Microsoft.EntityFrameworkCore.ChangeTracking.Internal.StateManager.SaveChanges(Boolean acceptAllChangesOnSuccess)
   at Microsoft.EntityFrameworkCore.DbContext.SaveChanges(Boolean acceptAllChangesOnSuccess) Microsoft.EntityFrameworkCore.DbUpdateException: An error occurred while updating the entries. See the inner exception for details.
 ---> System.OverflowException: SqlDbType.Time overflow.  Value '25.00:00:00' is out of range.  Must be between 00:00:00.0000000 and 23:59:59.9999999.
   at Microsoft.Data.SqlClient.TdsParser.WriteTime(TimeSpan value, Byte scale, Int32 length, TdsParserStateObject stateObj)
   at Microsoft.Data.SqlClient.TdsParser.WriteUnterminatedValue(Object value, MetaType type, Byte scale, Int32 actualLength, Int32 encodingByteSize, Int32 offset, TdsParserStateObject stateObj, Int32 paramSize, Boolean isDataFeed)
   at Microsoft.Data.SqlClient.TdsParser.WriteValue(Object value, MetaType type, Byte scale, Int32 actualLength, Int32 encodingByteSize, Int32 offset, TdsParserStateObject stateObj, Int32 paramSize, Boolean isDataFeed)
   at Microsoft.Data.SqlClient.TdsParser.TDSExecuteRPCAddParameter(TdsParserStateObject stateObj, SqlParameter param, MetaType mt, Byte options)
   at Microsoft.Data.SqlClient.TdsParser.TdsExecuteRPC(SqlCommand cmd, _SqlRPC[] rpcArray, Int32 timeout, Boolean inSchema, SqlNotificationRequest notificationRequest, TdsParserStateObject stateObj, Boolean isCommandProc, Boolean sync, TaskCompletionSource`1 completion, Int32 startRpc, Int32 startParam)
   at Microsoft.Data.SqlClient.SqlCommand.RunExecuteReaderTds(CommandBehavior cmdBehavior, RunBehavior runBehavior, Boolean returnStream, Boolean isAsync, Int32 timeout, Task& task, Boolean asyncWrite, Boolean inRetry, SqlDataReader ds, Boolean describeParameterEncryptionRequest)
   at Microsoft.Data.SqlClient.SqlCommand.RunExecuteReader(CommandBehavior cmdBehavior, RunBehavior runBehavior, Boolean returnStream, TaskCompletionSource`1 completion, Int32 timeout, Task& task, Boolean& usedCache, Boolean asyncWrite, Boolean inRetry, String method)
   at Microsoft.Data.SqlClient.SqlCommand.RunExecuteReader(CommandBehavior cmdBehavior, RunBehavior runBehavior, Boolean returnStream, String method)
   at Microsoft.Data.SqlClient.SqlCommand.ExecuteReader(CommandBehavior behavior)
   at Microsoft.Data.SqlClient.SqlCommand.ExecuteDbDataReader(CommandBehavior behavior)
   at System.Data.Common.DbCommand.ExecuteReader()
   at Microsoft.EntityFrameworkCore.Storage.RelationalCommand.ExecuteReader(RelationalCommandParameterObject parameterObject)
   at Microsoft.EntityFrameworkCore.Update.ReaderModificationCommandBatch.Execute(IRelationalConnection connection)
   --- End of inner exception stack trace ---
   at Microsoft.EntityFrameworkCore.Update.ReaderModificationCommandBatch.Execute(IRelationalConnection connection)
   at Microsoft.EntityFrameworkCore.Update.Internal.BatchExecutor.Execute(IEnumerable`1 commandBatches, IRelationalConnection connection)
   at Microsoft.EntityFrameworkCore.Storage.RelationalDatabase.SaveChanges(IList`1 entries)
   at Microsoft.EntityFrameworkCore.ChangeTracking.Internal.StateManager.SaveChanges(IList`1 entriesToSave)
   at Microsoft.EntityFrameworkCore.ChangeTracking.Internal.StateManager.SaveChanges(DbContext _, Boolean acceptAllChangesOnSuccess)
   at Microsoft.EntityFrameworkCore.SqlServer.Storage.Internal.SqlServerExecutionStrategy.Execute[TState,TResult](TState state, Func`3 operation, Func`3 verifySucceeded)
   at Microsoft.EntityFrameworkCore.ChangeTracking.Internal.StateManager.SaveChanges(Boolean acceptAllChangesOnSuccess)
   at Microsoft.EntityFrameworkCore.DbContext.SaveChanges(Boolean acceptAllChangesOnSuccess)
2021-07-17 16:53:05.5857|1|ERROR|Microsoft.AspNetCore.Diagnostics.DeveloperExceptionPageMiddleware|An unhandled exception has occurred while executing the request. Microsoft.EntityFrameworkCore.DbUpdateException: An error occurred while updating the entries. See the inner exception for details.
 ---> System.OverflowException: SqlDbType.Time overflow.  Value '25.00:00:00' is out of range.  Must be between 00:00:00.0000000 and 23:59:59.9999999.
   at Microsoft.Data.SqlClient.TdsParser.WriteTime(TimeSpan value, Byte scale, Int32 length, TdsParserStateObject stateObj)
   at Microsoft.Data.SqlClient.TdsParser.WriteUnterminatedValue(Object value, MetaType type, Byte scale, Int32 actualLength, Int32 encodingByteSize, Int32 offset, TdsParserStateObject stateObj, Int32 paramSize, Boolean isDataFeed)
   at Microsoft.Data.SqlClient.TdsParser.WriteValue(Object value, MetaType type, Byte scale, Int32 actualLength, Int32 encodingByteSize, Int32 offset, TdsParserStateObject stateObj, Int32 paramSize, Boolean isDataFeed)
   at Microsoft.Data.SqlClient.TdsParser.TDSExecuteRPCAddParameter(TdsParserStateObject stateObj, SqlParameter param, MetaType mt, Byte options)
   at Microsoft.Data.SqlClient.TdsParser.TdsExecuteRPC(SqlCommand cmd, _SqlRPC[] rpcArray, Int32 timeout, Boolean inSchema, SqlNotificationRequest notificationRequest, TdsParserStateObject stateObj, Boolean isCommandProc, Boolean sync, TaskCompletionSource`1 completion, Int32 startRpc, Int32 startParam)
   at Microsoft.Data.SqlClient.SqlCommand.RunExecuteReaderTds(CommandBehavior cmdBehavior, RunBehavior runBehavior, Boolean returnStream, Boolean isAsync, Int32 timeout, Task& task, Boolean asyncWrite, Boolean inRetry, SqlDataReader ds, Boolean describeParameterEncryptionRequest)
   at Microsoft.Data.SqlClient.SqlCommand.RunExecuteReader(CommandBehavior cmdBehavior, RunBehavior runBehavior, Boolean returnStream, TaskCompletionSource`1 completion, Int32 timeout, Task& task, Boolean& usedCache, Boolean asyncWrite, Boolean inRetry, String method)
   at Microsoft.Data.SqlClient.SqlCommand.RunExecuteReader(CommandBehavior cmdBehavior, RunBehavior runBehavior, Boolean returnStream, String method)
   at Microsoft.Data.SqlClient.SqlCommand.ExecuteReader(CommandBehavior behavior)
   at Microsoft.Data.SqlClient.SqlCommand.ExecuteDbDataReader(CommandBehavior behavior)
   at System.Data.Common.DbCommand.ExecuteReader()
   at Microsoft.EntityFrameworkCore.Storage.RelationalCommand.ExecuteReader(RelationalCommandParameterObject parameterObject)
   at Microsoft.EntityFrameworkCore.Update.ReaderModificationCommandBatch.Execute(IRelationalConnection connection)
   --- End of inner exception stack trace ---
   at Microsoft.EntityFrameworkCore.Update.ReaderModificationCommandBatch.Execute(IRelationalConnection connection)
   at Microsoft.EntityFrameworkCore.Update.Internal.BatchExecutor.Execute(IEnumerable`1 commandBatches, IRelationalConnection connection)
   at Microsoft.EntityFrameworkCore.Storage.RelationalDatabase.SaveChanges(IList`1 entries)
   at Microsoft.EntityFrameworkCore.ChangeTracking.Internal.StateManager.SaveChanges(IList`1 entriesToSave)
   at Microsoft.EntityFrameworkCore.ChangeTracking.Internal.StateManager.SaveChanges(DbContext _, Boolean acceptAllChangesOnSuccess)
   at Microsoft.EntityFrameworkCore.SqlServer.Storage.Internal.SqlServerExecutionStrategy.Execute[TState,TResult](TState state, Func`3 operation, Func`3 verifySucceeded)
   at Microsoft.EntityFrameworkCore.ChangeTracking.Internal.StateManager.SaveChanges(Boolean acceptAllChangesOnSuccess)
   at Microsoft.EntityFrameworkCore.DbContext.SaveChanges(Boolean acceptAllChangesOnSuccess)
   at Microsoft.EntityFrameworkCore.DbContext.SaveChanges()
   at DAL.DBExt.EfRepository.DAL.DBExt.IRepository.AddAndSave[TEntity](TEntity entity) in E:\NIx Projects\AspNetMvcEducationPortal\DAL\DBExt\EfRepository.cs:line 24
   at BLL.Services.MaterialService.AddVideo(VideoModel videoModel) in E:\NIx Projects\AspNetMvcEducationPortal\BLL\Services\MaterialService.cs:line 36
   at PL.Controllers.VideoController.Create(VideoModel model) in E:\NIx Projects\AspNetMvcEducationPortal\PL\Controllers\VideoController.cs:line 42
   at lambda_method59(Closure , Object , Object[] )
   at Microsoft.AspNetCore.Mvc.Infrastructure.ActionMethodExecutor.SyncActionResultExecutor.Execute(IActionResultTypeMapper mapper, ObjectMethodExecutor executor, Object controller, Object[] arguments)
   at Microsoft.AspNetCore.Mvc.Infrastructure.ControllerActionInvoker.InvokeActionMethodAsync()
   at Microsoft.AspNetCore.Mvc.Infrastructure.ControllerActionInvoker.Next(State& next, Scope& scope, Object& state, Boolean& isCompleted)
   at Microsoft.AspNetCore.Mvc.Infrastructure.ControllerActionInvoker.InvokeNextActionFilterAsync()
--- End of stack trace from previous location ---
   at Microsoft.AspNetCore.Mvc.Infrastructure.ControllerActionInvoker.Rethrow(ActionExecutedContextSealed context)
   at Microsoft.AspNetCore.Mvc.Infrastructure.ControllerActionInvoker.Next(State& next, Scope& scope, Object& state, Boolean& isCompleted)
   at Microsoft.AspNetCore.Mvc.Infrastructure.ControllerActionInvoker.InvokeInnerFilterAsync()
--- End of stack trace from previous location ---
   at Microsoft.AspNetCore.Mvc.Infrastructure.ResourceInvoker.<InvokeNextResourceFilter>g__Awaited|24_0(ResourceInvoker invoker, Task lastTask, State next, Scope scope, Object state, Boolean isCompleted)
   at Microsoft.AspNetCore.Mvc.Infrastructure.ResourceInvoker.Rethrow(ResourceExecutedContextSealed context)
   at Microsoft.AspNetCore.Mvc.Infrastructure.ResourceInvoker.Next(State& next, Scope& scope, Object& state, Boolean& isCompleted)
   at Microsoft.AspNetCore.Mvc.Infrastructure.ResourceInvoker.InvokeFilterPipelineAsync()
--- End of stack trace from previous location ---
   at Microsoft.AspNetCore.Mvc.Infrastructure.ResourceInvoker.<InvokeAsync>g__Awaited|17_0(ResourceInvoker invoker, Task task, IDisposable scope)
   at Microsoft.AspNetCore.Routing.EndpointMiddleware.<Invoke>g__AwaitRequestTask|6_0(Endpoint endpoint, Task requestTask, ILogger logger)
   at Microsoft.AspNetCore.Authorization.AuthorizationMiddleware.Invoke(HttpContext context)
   at Microsoft.AspNetCore.Authentication.AuthenticationMiddleware.Invoke(HttpContext context)
   at Microsoft.AspNetCore.Diagnostics.DeveloperExceptionPageMiddleware.Invoke(HttpContext context)
2021-07-17 16:58:37.2951||DEBUG|PL.Program|Init Main 
2021-07-17 16:58:38.8052||INFO|Microsoft.Hosting.Lifetime|Application started. Press Ctrl+C to shut down. 
2021-07-17 16:58:38.8123||INFO|Microsoft.Hosting.Lifetime|Hosting environment: Development 
2021-07-17 16:58:38.8123||INFO|Microsoft.Hosting.Lifetime|Content root path: E:\NIx Projects\AspNetMvcEducationPortal\PL 
2021-07-17 16:59:51.8517||DEBUG|PL.Program|Init Main 
2021-07-17 16:59:52.4629||INFO|Microsoft.Hosting.Lifetime|Application started. Press Ctrl+C to shut down. 
2021-07-17 16:59:52.4629||INFO|Microsoft.Hosting.Lifetime|Hosting environment: Development 
2021-07-17 16:59:52.4747||INFO|Microsoft.Hosting.Lifetime|Content root path: E:\NIx Projects\AspNetMvcEducationPortal\PL 
2021-07-17 17:10:27.3246||DEBUG|PL.Program|Init Main 
2021-07-17 17:10:27.8567||INFO|Microsoft.Hosting.Lifetime|Application started. Press Ctrl+C to shut down. 
2021-07-17 17:10:27.8600||INFO|Microsoft.Hosting.Lifetime|Hosting environment: Development 
2021-07-17 17:10:27.8600||INFO|Microsoft.Hosting.Lifetime|Content root path: E:\NIx Projects\AspNetMvcEducationPortal\PL 
2021-07-17 17:25:33.1504||DEBUG|PL.Program|Init Main 
2021-07-17 17:25:34.8166||INFO|Microsoft.Hosting.Lifetime|Application started. Press Ctrl+C to shut down. 
2021-07-17 17:25:34.8166||INFO|Microsoft.Hosting.Lifetime|Hosting environment: Development 
2021-07-17 17:25:34.8324||INFO|Microsoft.Hosting.Lifetime|Content root path: E:\NIx Projects\AspNetMvcEducationPortal\PL 
2021-07-17 17:26:00.0619|10103|WARN|Microsoft.EntityFrameworkCore.Query|The query uses the 'First'/'FirstOrDefault' operator without 'OrderBy' and filter operators. This may lead to unpredictable results. 
2021-07-17 17:27:09.2915||DEBUG|PL.Program|Init Main 
2021-07-17 17:27:10.9516||INFO|Microsoft.Hosting.Lifetime|Application started. Press Ctrl+C to shut down. 
2021-07-17 17:27:10.9556||INFO|Microsoft.Hosting.Lifetime|Hosting environment: Development 
2021-07-17 17:27:10.9556||INFO|Microsoft.Hosting.Lifetime|Content root path: E:\NIx Projects\AspNetMvcEducationPortal\PL 
2021-07-17 17:27:39.8668|3|ERROR|Microsoft.AspNetCore.Mvc.ViewFeatures.ViewResultExecutor|The view 'Create' was not found. Searched locations: /Views/Article/Create.cshtml, /Views/Shared/Create.cshtml, /Pages/Shared/Create.cshtml 
2021-07-17 17:27:39.8870|1|ERROR|Microsoft.AspNetCore.Diagnostics.DeveloperExceptionPageMiddleware|An unhandled exception has occurred while executing the request. System.InvalidOperationException: The view 'Create' was not found. The following locations were searched:
/Views/Article/Create.cshtml
/Views/Shared/Create.cshtml
/Pages/Shared/Create.cshtml
   at Microsoft.AspNetCore.Mvc.ViewEngines.ViewEngineResult.EnsureSuccessful(IEnumerable`1 originalLocations)
   at Microsoft.AspNetCore.Mvc.ViewFeatures.ViewResultExecutor.ExecuteAsync(ActionContext context, ViewResult result)
   at Microsoft.AspNetCore.Mvc.ViewResult.ExecuteResultAsync(ActionContext context)
   at Microsoft.AspNetCore.Mvc.Infrastructure.ResourceInvoker.<InvokeNextResultFilterAsync>g__Awaited|29_0[TFilter,TFilterAsync](ResourceInvoker invoker, Task lastTask, State next, Scope scope, Object state, Boolean isCompleted)
   at Microsoft.AspNetCore.Mvc.Infrastructure.ResourceInvoker.Rethrow(ResultExecutedContextSealed context)
   at Microsoft.AspNetCore.Mvc.Infrastructure.ResourceInvoker.ResultNext[TFilter,TFilterAsync](State& next, Scope& scope, Object& state, Boolean& isCompleted)
   at Microsoft.AspNetCore.Mvc.Infrastructure.ResourceInvoker.InvokeResultFilters()
--- End of stack trace from previous location ---
   at Microsoft.AspNetCore.Mvc.Infrastructure.ResourceInvoker.<InvokeNextResourceFilter>g__Awaited|24_0(ResourceInvoker invoker, Task lastTask, State next, Scope scope, Object state, Boolean isCompleted)
   at Microsoft.AspNetCore.Mvc.Infrastructure.ResourceInvoker.Rethrow(ResourceExecutedContextSealed context)
   at Microsoft.AspNetCore.Mvc.Infrastructure.ResourceInvoker.Next(State& next, Scope& scope, Object& state, Boolean& isCompleted)
   at Microsoft.AspNetCore.Mvc.Infrastructure.ResourceInvoker.InvokeFilterPipelineAsync()
--- End of stack trace from previous location ---
   at Microsoft.AspNetCore.Mvc.Infrastructure.ResourceInvoker.<InvokeAsync>g__Awaited|17_0(ResourceInvoker invoker, Task task, IDisposable scope)
   at Microsoft.AspNetCore.Routing.EndpointMiddleware.<Invoke>g__AwaitRequestTask|6_0(Endpoint endpoint, Task requestTask, ILogger logger)
   at Microsoft.AspNetCore.Authorization.AuthorizationMiddleware.Invoke(HttpContext context)
   at Microsoft.AspNetCore.Authentication.AuthenticationMiddleware.Invoke(HttpContext context)
   at Microsoft.AspNetCore.Diagnostics.DeveloperExceptionPageMiddleware.Invoke(HttpContext context)
2021-07-17 17:29:23.4590||DEBUG|PL.Program|Init Main 
2021-07-17 17:29:24.9670||INFO|Microsoft.Hosting.Lifetime|Application started. Press Ctrl+C to shut down. 
2021-07-17 17:29:24.9707||INFO|Microsoft.Hosting.Lifetime|Hosting environment: Development 
2021-07-17 17:29:24.9707||INFO|Microsoft.Hosting.Lifetime|Content root path: E:\NIx Projects\AspNetMvcEducationPortal\PL 
2021-07-17 17:31:58.9775||DEBUG|PL.Program|Init Main 
2021-07-17 17:32:00.7396||INFO|Microsoft.Hosting.Lifetime|Application started. Press Ctrl+C to shut down. 
2021-07-17 17:32:00.7396||INFO|Microsoft.Hosting.Lifetime|Hosting environment: Development 
2021-07-17 17:32:00.7563||INFO|Microsoft.Hosting.Lifetime|Content root path: E:\NIx Projects\AspNetMvcEducationPortal\PL 
2021-07-17 17:35:13.7184||DEBUG|PL.Program|Init Main 
2021-07-17 17:35:15.3948||INFO|Microsoft.Hosting.Lifetime|Application started. Press Ctrl+C to shut down. 
2021-07-17 17:35:15.3948||INFO|Microsoft.Hosting.Lifetime|Hosting environment: Development 
2021-07-17 17:35:15.4096||INFO|Microsoft.Hosting.Lifetime|Content root path: E:\NIx Projects\AspNetMvcEducationPortal\PL 
2021-07-17 17:38:17.8794||DEBUG|PL.Program|Init Main 
2021-07-17 17:38:19.6133||INFO|Microsoft.Hosting.Lifetime|Application started. Press Ctrl+C to shut down. 
2021-07-17 17:38:19.6133||INFO|Microsoft.Hosting.Lifetime|Hosting environment: Development 
2021-07-17 17:38:19.6302||INFO|Microsoft.Hosting.Lifetime|Content root path: E:\NIx Projects\AspNetMvcEducationPortal\PL 
2021-07-17 17:38:35.4142|3|ERROR|Microsoft.AspNetCore.Mvc.ViewFeatures.ViewResultExecutor|The view 'Details' was not found. Searched locations: /Views/Article/Details.cshtml, /Views/Shared/Details.cshtml, /Pages/Shared/Details.cshtml 
2021-07-17 17:38:35.4361|1|ERROR|Microsoft.AspNetCore.Diagnostics.DeveloperExceptionPageMiddleware|An unhandled exception has occurred while executing the request. System.InvalidOperationException: The view 'Details' was not found. The following locations were searched:
/Views/Article/Details.cshtml
/Views/Shared/Details.cshtml
/Pages/Shared/Details.cshtml
   at Microsoft.AspNetCore.Mvc.ViewEngines.ViewEngineResult.EnsureSuccessful(IEnumerable`1 originalLocations)
   at Microsoft.AspNetCore.Mvc.ViewFeatures.ViewResultExecutor.ExecuteAsync(ActionContext context, ViewResult result)
   at Microsoft.AspNetCore.Mvc.ViewResult.ExecuteResultAsync(ActionContext context)
   at Microsoft.AspNetCore.Mvc.Infrastructure.ResourceInvoker.<InvokeNextResultFilterAsync>g__Awaited|29_0[TFilter,TFilterAsync](ResourceInvoker invoker, Task lastTask, State next, Scope scope, Object state, Boolean isCompleted)
   at Microsoft.AspNetCore.Mvc.Infrastructure.ResourceInvoker.Rethrow(ResultExecutedContextSealed context)
   at Microsoft.AspNetCore.Mvc.Infrastructure.ResourceInvoker.ResultNext[TFilter,TFilterAsync](State& next, Scope& scope, Object& state, Boolean& isCompleted)
   at Microsoft.AspNetCore.Mvc.Infrastructure.ResourceInvoker.InvokeResultFilters()
--- End of stack trace from previous location ---
   at Microsoft.AspNetCore.Mvc.Infrastructure.ResourceInvoker.<InvokeNextResourceFilter>g__Awaited|24_0(ResourceInvoker invoker, Task lastTask, State next, Scope scope, Object state, Boolean isCompleted)
   at Microsoft.AspNetCore.Mvc.Infrastructure.ResourceInvoker.Rethrow(ResourceExecutedContextSealed context)
   at Microsoft.AspNetCore.Mvc.Infrastructure.ResourceInvoker.Next(State& next, Scope& scope, Object& state, Boolean& isCompleted)
   at Microsoft.AspNetCore.Mvc.Infrastructure.ResourceInvoker.InvokeFilterPipelineAsync()
--- End of stack trace from previous location ---
   at Microsoft.AspNetCore.Mvc.Infrastructure.ResourceInvoker.<InvokeAsync>g__Awaited|17_0(ResourceInvoker invoker, Task task, IDisposable scope)
   at Microsoft.AspNetCore.Routing.EndpointMiddleware.<Invoke>g__AwaitRequestTask|6_0(Endpoint endpoint, Task requestTask, ILogger logger)
   at Microsoft.AspNetCore.Authorization.AuthorizationMiddleware.Invoke(HttpContext context)
   at Microsoft.AspNetCore.Authentication.AuthenticationMiddleware.Invoke(HttpContext context)
   at Microsoft.AspNetCore.Diagnostics.DeveloperExceptionPageMiddleware.Invoke(HttpContext context)
2021-07-17 17:41:03.0302||DEBUG|PL.Program|Init Main 
2021-07-17 17:41:27.1764||DEBUG|PL.Program|Init Main 
2021-07-17 17:41:28.7759||INFO|Microsoft.Hosting.Lifetime|Application started. Press Ctrl+C to shut down. 
2021-07-17 17:41:28.7759||INFO|Microsoft.Hosting.Lifetime|Hosting environment: Development 
2021-07-17 17:41:28.7898||INFO|Microsoft.Hosting.Lifetime|Content root path: E:\NIx Projects\AspNetMvcEducationPortal\PL 
2021-07-17 18:03:53.2849||DEBUG|PL.Program|Init Main 
2021-07-17 18:03:55.0807||INFO|Microsoft.Hosting.Lifetime|Application started. Press Ctrl+C to shut down. 
2021-07-17 18:03:55.0807||INFO|Microsoft.Hosting.Lifetime|Hosting environment: Development 
2021-07-17 18:03:55.0966||INFO|Microsoft.Hosting.Lifetime|Content root path: E:\NIx Projects\AspNetMvcEducationPortal\PL 
2021-07-17 18:06:36.7180||DEBUG|PL.Program|Init Main 
2021-07-17 18:06:38.2437||INFO|Microsoft.Hosting.Lifetime|Application started. Press Ctrl+C to shut down. 
2021-07-17 18:06:38.2437||INFO|Microsoft.Hosting.Lifetime|Hosting environment: Development 
2021-07-17 18:06:38.2610||INFO|Microsoft.Hosting.Lifetime|Content root path: E:\NIx Projects\AspNetMvcEducationPortal\PL 
2021-07-17 18:09:32.2102||DEBUG|PL.Program|Init Main 
2021-07-17 18:09:33.8845||INFO|Microsoft.Hosting.Lifetime|Application started. Press Ctrl+C to shut down. 
2021-07-17 18:09:33.8930||INFO|Microsoft.Hosting.Lifetime|Hosting environment: Development 
2021-07-17 18:09:33.8930||INFO|Microsoft.Hosting.Lifetime|Content root path: E:\NIx Projects\AspNetMvcEducationPortal\PL 
2021-07-17 18:12:05.5935||DEBUG|PL.Program|Init Main 
2021-07-17 18:12:07.1563||INFO|Microsoft.Hosting.Lifetime|Application started. Press Ctrl+C to shut down. 
2021-07-17 18:12:07.1563||INFO|Microsoft.Hosting.Lifetime|Hosting environment: Development 
2021-07-17 18:12:07.1563||INFO|Microsoft.Hosting.Lifetime|Content root path: E:\NIx Projects\AspNetMvcEducationPortal\PL 
2021-07-17 18:13:22.8287||DEBUG|PL.Program|Init Main 
2021-07-17 18:13:24.4361||INFO|Microsoft.Hosting.Lifetime|Application started. Press Ctrl+C to shut down. 
2021-07-17 18:13:24.4361||INFO|Microsoft.Hosting.Lifetime|Hosting environment: Development 
2021-07-17 18:13:24.4361||INFO|Microsoft.Hosting.Lifetime|Content root path: E:\NIx Projects\AspNetMvcEducationPortal\PL 
